<?xml version="1.0" encoding="UTF-8"?>
<!-- Generated by org.testng.reporters.JUnitXMLReporter -->
<testsuite ignored="0" hostname="REM-LT-230109C" failures="0" tests="4" name="Default test" time="4.848" errors="0" timestamp="2023-02-26T02:20:59 CST">
  <testcase classname="com.unosquare.Encapsulation" name="Gets" time="1.914"/>
  <testcase classname="com.unosquare.Encapsulation" name="PostLogin" time="0.55"/>
  <testcase classname="com.unosquare.Encapsulation" name="Posts" time="1.878"/>
  <testcase classname="com.unosquare.Encapsulation" name="Puts" time="0.476"/>
</testsuite> <!-- Default test -->
