<?xml version="1.0" encoding="UTF-8"?>
<testng-results ignored="0" total="1" passed="1" failed="0" skipped="0">
  <reporter-output>
    <line>
      <![CDATA[Sucess 200 validation]]>
    </line>
  </reporter-output>
  <suite started-at="2023-02-22T13:43:52 CST" name="Default suite" finished-at="2023-02-22T13:43:55 CST" duration-ms="2074">
    <groups>
    </groups>
    <test started-at="2023-02-22T13:43:52 CST" name="Default test" finished-at="2023-02-22T13:43:55 CST" duration-ms="2074">
      <class name="com.unosquare.FirstAPITest">
        <test-method is-config="true" signature="beforeMethod()[pri:0, instance:com.unosquare.FirstAPITest@1b1426f4]" started-at="2023-02-22T13:43:52 CST" name="beforeMethod" finished-at="2023-02-22T13:43:52 CST" duration-ms="5" status="PASS">
          <reporter-output>
          </reporter-output>
        </test-method> <!-- beforeMethod -->
        <test-method signature="f()[pri:0, instance:com.unosquare.FirstAPITest@1b1426f4]" started-at="2023-02-22T13:43:52 CST" name="f" finished-at="2023-02-22T13:43:55 CST" duration-ms="2039" status="PASS">
          <reporter-output>
            <line>
              <![CDATA[Sucess 200 validation]]>
            </line>
          </reporter-output>
        </test-method> <!-- f -->
      </class> <!-- com.unosquare.FirstAPITest -->
    </test> <!-- Default test -->
  </suite> <!-- Default suite -->
</testng-results>
